INFO [2023-05-17 14:19:57] [[1]]
INFO [2023-05-17 14:19:57] geneSets
INFO [2023-05-17 14:19:57] 
INFO [2023-05-17 14:19:57] $filename
INFO [2023-05-17 14:19:57] [1] "venn_diagram.png"
INFO [2023-05-17 14:19:57] 
INFO [2023-05-17 14:19:57] $col
INFO [2023-05-17 14:19:57] [1] "transparent"
INFO [2023-05-17 14:19:57] 
INFO [2023-05-17 14:19:57] $fill
INFO [2023-05-17 14:19:57] c("dodgerblue", "goldenrod1", "darkorange")
INFO [2023-05-17 14:19:57] 
INFO [2023-05-17 14:19:57] $alpha
INFO [2023-05-17 14:19:57] [1] 0.5
INFO [2023-05-17 14:19:57] 
INFO [2023-05-17 14:19:57] $label.col
INFO [2023-05-17 14:19:57] [1] "black"
INFO [2023-05-17 14:19:57] 
INFO [2023-05-17 14:19:57] $main
INFO [2023-05-17 14:19:57] [1] "Gene Set Venn Diagram"
INFO [2023-05-17 14:19:57] 
INFO [2023-05-17 14:19:57] $cex.main
INFO [2023-05-17 14:19:57] [1] 1.5
INFO [2023-05-17 14:19:57] 
INFO [2023-05-17 14:19:57] $fontfamily
INFO [2023-05-17 14:19:57] [1] "sans"
INFO [2023-05-17 14:19:57] 
