INFO [2023-05-17 14:22:10] [[1]]
INFO [2023-05-17 14:22:10] geneSets
INFO [2023-05-17 14:22:10] 
INFO [2023-05-17 14:22:10] $filename
INFO [2023-05-17 14:22:10] [1] "venn_diagram.png"
INFO [2023-05-17 14:22:10] 
INFO [2023-05-17 14:22:10] $col
INFO [2023-05-17 14:22:10] [1] "transparent"
INFO [2023-05-17 14:22:10] 
INFO [2023-05-17 14:22:10] $fill
INFO [2023-05-17 14:22:10] c("dodgerblue", "goldenrod1", "darkorange")
INFO [2023-05-17 14:22:10] 
INFO [2023-05-17 14:22:10] $alpha
INFO [2023-05-17 14:22:10] [1] 0.5
INFO [2023-05-17 14:22:10] 
INFO [2023-05-17 14:22:10] $label.col
INFO [2023-05-17 14:22:10] [1] "black"
INFO [2023-05-17 14:22:10] 
INFO [2023-05-17 14:22:10] $main
INFO [2023-05-17 14:22:10] [1] "Gene Set Venn Diagram"
INFO [2023-05-17 14:22:10] 
INFO [2023-05-17 14:22:10] $cex.main
INFO [2023-05-17 14:22:10] [1] 1.5
INFO [2023-05-17 14:22:10] 
INFO [2023-05-17 14:22:10] $fontfamily
INFO [2023-05-17 14:22:10] [1] "sans"
INFO [2023-05-17 14:22:10] 
INFO [2023-05-17 14:22:10] $output
INFO [2023-05-17 14:22:10] [1] TRUE
INFO [2023-05-17 14:22:10] 
