INFO [2023-05-17 14:20:37] [[1]]
INFO [2023-05-17 14:20:37] geneSets
INFO [2023-05-17 14:20:37] 
INFO [2023-05-17 14:20:37] $filename
INFO [2023-05-17 14:20:37] [1] "venn_diagram.png"
INFO [2023-05-17 14:20:37] 
INFO [2023-05-17 14:20:37] $col
INFO [2023-05-17 14:20:37] [1] "transparent"
INFO [2023-05-17 14:20:37] 
INFO [2023-05-17 14:20:37] $fill
INFO [2023-05-17 14:20:37] c("dodgerblue", "goldenrod1", "darkorange")
INFO [2023-05-17 14:20:37] 
INFO [2023-05-17 14:20:37] $alpha
INFO [2023-05-17 14:20:37] [1] 0.5
INFO [2023-05-17 14:20:37] 
INFO [2023-05-17 14:20:37] $label.col
INFO [2023-05-17 14:20:37] [1] "black"
INFO [2023-05-17 14:20:37] 
INFO [2023-05-17 14:20:37] $main
INFO [2023-05-17 14:20:37] [1] "Gene Set Venn Diagram"
INFO [2023-05-17 14:20:37] 
INFO [2023-05-17 14:20:37] $cex.main
INFO [2023-05-17 14:20:37] [1] 1.5
INFO [2023-05-17 14:20:37] 
INFO [2023-05-17 14:20:37] $fontfamily
INFO [2023-05-17 14:20:37] [1] "sans"
INFO [2023-05-17 14:20:37] 
