INFO [2023-05-17 14:19:04] [[1]]
INFO [2023-05-17 14:19:04] geneSets
INFO [2023-05-17 14:19:04] 
INFO [2023-05-17 14:19:04] $filename
INFO [2023-05-17 14:19:04] [1] "venn_diagram.png"
INFO [2023-05-17 14:19:04] 
INFO [2023-05-17 14:19:04] $col
INFO [2023-05-17 14:19:04] [1] "transparent"
INFO [2023-05-17 14:19:04] 
INFO [2023-05-17 14:19:04] $fill
INFO [2023-05-17 14:19:04] c("dodgerblue", "goldenrod1", "darkorange")
INFO [2023-05-17 14:19:04] 
INFO [2023-05-17 14:19:04] $alpha
INFO [2023-05-17 14:19:04] [1] 0.5
INFO [2023-05-17 14:19:04] 
INFO [2023-05-17 14:19:04] $label.col
INFO [2023-05-17 14:19:04] [1] "black"
INFO [2023-05-17 14:19:04] 
INFO [2023-05-17 14:19:04] $main
INFO [2023-05-17 14:19:04] [1] "Gene Set Venn Diagram"
INFO [2023-05-17 14:19:04] 
INFO [2023-05-17 14:19:04] $cex.main
INFO [2023-05-17 14:19:04] [1] 1.5
INFO [2023-05-17 14:19:04] 
INFO [2023-05-17 14:19:04] $fontfamily
INFO [2023-05-17 14:19:04] [1] "sans"
INFO [2023-05-17 14:19:04] 
